uuu_version 1.1.81

# uuu scripts for imx7d sabresd Android maddev_pi9.0 sd
SDP: boot -f u-boot-imx7d-sabresd-uuu.imx
FB: ucmd setenv fastboot_dev mmc
FB: ucmd setenv mmcdev 0
FB: ucmd mmc dev 0
FB[-t 600000]: flash gpt partition-table.img

# force to load the partition table just flashed
FB: ucmd setenv fastboot_dev sata
FB: ucmd setenv fastboot_dev mmc

FB: flash bootloader u-boot-imx7d.imx

# erase environment variables of uboot
FB: ucmd mmc erase 0x700 0x10

FB[-t 100000]: flash system system.img
FB: flash vbmeta vbmeta-imx7d.img
FB: flash vendor vendor.img
FB: flash recovery recovery-imx7d.img
FB: flash dtbo dtbo-imx7d.img
FB: flash boot boot.img

# erase userdata, misc and cache partition
FB[-t 600000]: ERASE userdata
FB: ERASE misc
FB[-t 100000]: ERASE cache
FB[-t 100000]: ERASE presistdata
FB[-t 100000]: ERASE fbmisc

FB: done

