uuu_version 1.1.29

# uuu scripts for imx8mm Android maddev_pi9.0 sd card

SDP: boot -f u-boot-imx8mm.imx
# This command will be run when use SPL
SDPU: delay 1000
SDPU: write -f u-boot-imx8mm.imx -offset 0x57c00
SDPU: jump
# This command will be run when ROM support stream mode
SDPS: boot -f u-boot-imx8mm.imx

FB: ucmd setenv fastboot_dev mmc
FB: ucmd setenv mmcdev 0
FB: ucmd mmc dev 0
FB: flash gpt partition-table.img

# erase userdata and misc partition
FB[-t 600000]: ERASE userdata
FB: ERASE misc

FB: flash boot_a boot.img
FB: flash boot_b boot.img
FB[-t 100000]: flash system_a system.img
FB[-t 100000]: flash system_b system.img
FB: flash vbmeta_a vbmeta-imx8mm.img
FB: flash vbmeta_b vbmeta-imx8mm.img
FB: flash vendor_a vendor.img
FB: flash vendor_b vendor.img
FB: flash bootloader0 u-boot-imx8mm.imx
FB: flash dtbo_a dtbo-imx8mm.img
FB: flash dtbo_b dtbo-imx8mm.img

# erase environment variables of uboot
FB: ucmd mmc erase 0x2000 8

FB: done
